Determining if the pthread_create exist failed with the following output:
Change Dir: /home/chaosruler/Desktop/Algorithms_in_cpp/cmake-build-debug/CMakeFiles/CMakeTmp

Run Build Command:"/usr/bin/make" "cmTC_3062d/fast"
/usr/bin/make -f CMakeFiles/cmTC_3062d.dir/build.make CMakeFiles/cmTC_3062d.dir/build
make[1]: Entering directory '/home/chaosruler/Desktop/Algorithms_in_cpp/cmake-build-debug/CMakeFiles/CMakeTmp'
Building C object CMakeFiles/cmTC_3062d.dir/CheckSymbolExists.c.o
/usr/bin/cc    -o CMakeFiles/cmTC_3062d.dir/CheckSymbolExists.c.o   -c /home/chaosruler/Desktop/Algorithms_in_cpp/cmake-build-debug/CMakeFiles/CMakeTmp/CheckSymbolExists.c
Linking C executable cmTC_3062d
/home/chaosruler/.local/share/JetBrains/Toolbox/apps/CLion/ch-0/173.3727.114/bin/cmake/bin/cmake -E cmake_link_script CMakeFiles/cmTC_3062d.dir/link.txt --verbose=1
/usr/bin/cc      CMakeFiles/cmTC_3062d.dir/CheckSymbolExists.c.o  -o cmTC_3062d 
CMakeFiles/cmTC_3062d.dir/CheckSymbolExists.c.o: In function `main':
CheckSymbolExists.c:(.text+0x1b): undefined reference to `pthread_create'
collect2: error: ld returned 1 exit status
make[1]: *** [CMakeFiles/cmTC_3062d.dir/build.make:98: cmTC_3062d] Error 1
make[1]: Leaving directory '/home/chaosruler/Desktop/Algorithms_in_cpp/cmake-build-debug/CMakeFiles/CMakeTmp'
make: *** [Makefile:126: cmTC_3062d/fast] Error 2

File /home/chaosruler/Desktop/Algorithms_in_cpp/cmake-build-debug/CMakeFiles/CMakeTmp/CheckSymbolExists.c:
/* */
#include <pthread.h>

int main(int argc, char** argv)
{
  (void)argv;
#ifndef pthread_create
  return ((int*)(&pthread_create))[argc];
#else
  (void)argc;
  return 0;
#endif
}

